CRITICAL - 2026-05-13 09:00:35 --> CodeIgniter\View\Exceptions\ViewException: Invalid file: "Login.php"
[Method: GET, Route: /]
in SYSTEMPATH/Exceptions/FrameworkException.php on line 39.
 1 SYSTEMPATH/View/View.php(228): CodeIgniter\Exceptions\FrameworkException::forInvalidFile()
 2 SYSTEMPATH/Common.php(1250): CodeIgniter\View\View->render()
 3 APPPATH/Controllers/Home.php(9): view()
 4 SYSTEMPATH/CodeIgniter.php(951): App\Controllers\Home->index()
 5 SYSTEMPATH/CodeIgniter.php(497): CodeIgniter\CodeIgniter->runController()
 6 SYSTEMPATH/CodeIgniter.php(340): CodeIgniter\CodeIgniter->handleRequest()
 7 SYSTEMPATH/Boot.php(417): CodeIgniter\CodeIgniter->run()
 8 SYSTEMPATH/Boot.php(68): CodeIgniter\Boot::runCodeIgniter()
 9 FCPATH/index.php(59): CodeIgniter\Boot::bootWeb()
CRITICAL - 2026-05-13 08:27:27 --> CodeIgniter\Filters\Exceptions\FilterException: "auth" filter must have a matching alias defined.
[Method: GET, Route: rh/demandes]
in SYSTEMPATH/Filters/Filters.php on line 590.
 1 SYSTEMPATH/Filters/Filters.php(590): CodeIgniter\Filters\Exceptions\FilterException::forNoAlias()
 2 SYSTEMPATH/Filters/Filters.php(641): CodeIgniter\Filters\Filters->enableFilter()
 3 SYSTEMPATH/CodeIgniter.php(453): CodeIgniter\Filters\Filters->enableFilters()
 4 SYSTEMPATH/CodeIgniter.php(340): CodeIgniter\CodeIgniter->handleRequest()
 5 SYSTEMPATH/Boot.php(417): CodeIgniter\CodeIgniter->run()
 6 SYSTEMPATH/Boot.php(68): CodeIgniter\Boot::runCodeIgniter()
 7 FCPATH/index.php(59): CodeIgniter\Boot::bootWeb()
 8 SYSTEMPATH/rewrite.php(44): require_once('/home/ranto/S4/Mr Rojo/RH/public/index.php')
ERROR - 2026-05-13 08:30:51 --> Error connecting to the database: mysqli_sql_exception: No such file or directory in /home/ranto/S4/Mr Rojo/RH/system/Database/MySQLi/Connection.php:201
Stack trace:
#0 /home/ranto/S4/Mr Rojo/RH/system/Database/MySQLi/Connection.php(201): mysqli->real_connect()
#1 /home/ranto/S4/Mr Rojo/RH/system/Database/BaseConnection.php(555): CodeIgniter\Database\MySQLi\Connection->connect()
#2 /home/ranto/S4/Mr Rojo/RH/system/Database/BaseConnection.php(795): CodeIgniter\Database\BaseConnection->initialize()
#3 /home/ranto/S4/Mr Rojo/RH/system/Database/BaseBuilder.php(1649): CodeIgniter\Database\BaseConnection->query()
#4 /home/ranto/S4/Mr Rojo/RH/system/Model.php(253): CodeIgniter\Database\BaseBuilder->get()
#5 /home/ranto/S4/Mr Rojo/RH/system/BaseModel.php(676): CodeIgniter\Model->doFindAll()
#6 /home/ranto/S4/Mr Rojo/RH/app/Models/CongeModel.php(39): CodeIgniter\BaseModel->findAll()
#7 /home/ranto/S4/Mr Rojo/RH/app/Controllers/RhController.php(19): App\Models\CongeModel->getEnAttente()
#8 /home/ranto/S4/Mr Rojo/RH/system/CodeIgniter.php(951): App\Controllers\RhController->showDemandeAttente()
#9 /home/ranto/S4/Mr Rojo/RH/system/CodeIgniter.php(497): CodeIgniter\CodeIgniter->runController()
#10 /home/ranto/S4/Mr Rojo/RH/system/CodeIgniter.php(340): CodeIgniter\CodeIgniter->handleRequest()
#11 /home/ranto/S4/Mr Rojo/RH/system/Boot.php(417): CodeIgniter\CodeIgniter->run()
#12 /home/ranto/S4/Mr Rojo/RH/system/Boot.php(68): CodeIgniter\Boot::runCodeIgniter()
#13 /home/ranto/S4/Mr Rojo/RH/public/index.php(59): CodeIgniter\Boot::bootWeb()
#14 /home/ranto/S4/Mr Rojo/RH/system/rewrite.php(44): require_once('...')
#15 {main}

Next CodeIgniter\Database\Exceptions\DatabaseException: No such file or directory in /home/ranto/S4/Mr Rojo/RH/system/Database/MySQLi/Connection.php:231
Stack trace:
#0 /home/ranto/S4/Mr Rojo/RH/system/Database/BaseConnection.php(555): CodeIgniter\Database\MySQLi\Connection->connect()
#1 /home/ranto/S4/Mr Rojo/RH/system/Database/BaseConnection.php(795): CodeIgniter\Database\BaseConnection->initialize()
#2 /home/ranto/S4/Mr Rojo/RH/system/Database/BaseBuilder.php(1649): CodeIgniter\Database\BaseConnection->query()
#3 /home/ranto/S4/Mr Rojo/RH/system/Model.php(253): CodeIgniter\Database\BaseBuilder->get()
#4 /home/ranto/S4/Mr Rojo/RH/system/BaseModel.php(676): CodeIgniter\Model->doFindAll()
#5 /home/ranto/S4/Mr Rojo/RH/app/Models/CongeModel.php(39): CodeIgniter\BaseModel->findAll()
#6 /home/ranto/S4/Mr Rojo/RH/app/Controllers/RhController.php(19): App\Models\CongeModel->getEnAttente()
#7 /home/ranto/S4/Mr Rojo/RH/system/CodeIgniter.php(951): App\Controllers\RhController->showDemandeAttente()
#8 /home/ranto/S4/Mr Rojo/RH/system/CodeIgniter.php(497): CodeIgniter\CodeIgniter->runController()
#9 /home/ranto/S4/Mr Rojo/RH/system/CodeIgniter.php(340): CodeIgniter\CodeIgniter->handleRequest()
#10 /home/ranto/S4/Mr Rojo/RH/system/Boot.php(417): CodeIgniter\CodeIgniter->run()
#11 /home/ranto/S4/Mr Rojo/RH/system/Boot.php(68): CodeIgniter\Boot::runCodeIgniter()
#12 /home/ranto/S4/Mr Rojo/RH/public/index.php(59): CodeIgniter\Boot::bootWeb()
#13 /home/ranto/S4/Mr Rojo/RH/system/rewrite.php(44): require_once('...')
#14 {main}
CRITICAL - 2026-05-13 08:30:51 --> CodeIgniter\Database\Exceptions\DatabaseException: Unable to connect to the database.
Main connection [MySQLi]: No such file or directory
[Method: GET, Route: rh/demandes]
in SYSTEMPATH/Database/BaseConnection.php on line 606.
 1 SYSTEMPATH/Database/BaseConnection.php(795): CodeIgniter\Database\BaseConnection->initialize()
 2 SYSTEMPATH/Database/BaseBuilder.php(1649): CodeIgniter\Database\BaseConnection->query()
 3 SYSTEMPATH/Model.php(253): CodeIgniter\Database\BaseBuilder->get()
 4 SYSTEMPATH/BaseModel.php(676): CodeIgniter\Model->doFindAll()
 5 APPPATH/Models/CongeModel.php(39): CodeIgniter\BaseModel->findAll()
 6 APPPATH/Controllers/RhController.php(19): App\Models\CongeModel->getEnAttente()
 7 SYSTEMPATH/CodeIgniter.php(951): App\Controllers\RhController->showDemandeAttente()
 8 SYSTEMPATH/CodeIgniter.php(497): CodeIgniter\CodeIgniter->runController()
 9 SYSTEMPATH/CodeIgniter.php(340): CodeIgniter\CodeIgniter->handleRequest()
10 SYSTEMPATH/Boot.php(417): CodeIgniter\CodeIgniter->run()
11 SYSTEMPATH/Boot.php(68): CodeIgniter\Boot::runCodeIgniter()
12 FCPATH/index.php(59): CodeIgniter\Boot::bootWeb()
13 SYSTEMPATH/rewrite.php(44): require_once('/home/ranto/S4/Mr Rojo/RH/public/index.php')
